<?xml version="1.0" encoding="UTF-8"?>
<robot generator="Robot 6.0.2 (Python 3.11.3 on win32)" generated="20230414 19:06:09.235" rpa="false" schemaversion="3">
<suite id="s1" name="REQRES" source="C:\Users\andee\Desktop\projetos\REQRES">
<suite id="s1-s1" name="Suits" source="C:\Users\andee\Desktop\projetos\REQRES\Suits">
<suite id="s1-s1-s1" name="deleteSuit" source="C:\Users\andee\Desktop\projetos\REQRES\Suits\deleteSuit.robot">
<test id="s1-s1-s1-t1" name="Deleting User" line="10">
<kw name="Creating the session" library="resources">
<kw name="Create Session" library="RequestsLibrary">
<arg>session</arg>
<arg>${base_url}</arg>
<arg>verify=true</arg>
<doc>Create Session: create a HTTP session to a server</doc>
<msg timestamp="20230414 19:06:09.350" level="INFO">Creating Session using : alias=session, url=https://reqres.in/api, headers={},                     cookies={}, auth=None, timeout=None, proxies=None, verify=True,                     debug=0 </msg>
<status status="PASS" starttime="20230414 19:06:09.350" endtime="20230414 19:06:09.351"/>
</kw>
<status status="PASS" starttime="20230414 19:06:09.350" endtime="20230414 19:06:09.351"/>
</kw>
<kw name="Deleting user by ID" library="resources">
<var>${response}</var>
<kw name="DELETE On Session" library="RequestsLibrary">
<var>${response}</var>
<arg>session</arg>
<arg>/users/${user_id}</arg>
<doc>Sends a DELETE request on a previously created HTTP Session.</doc>
<msg timestamp="20230414 19:06:09.881" level="INFO">DELETE Request : url=https://reqres.in/api/users/4 
 path_url=/api/users/4 
 headers={'User-Agent': 'python-requests/2.28.2', 'Accept-Encoding': 'gzip, deflate', 'Accept': '*/*', 'Connection': 'keep-alive', 'Content-Length': '0'} 
 body=None 
 </msg>
<msg timestamp="20230414 19:06:09.881" level="INFO">DELETE Response : url=https://reqres.in/api/users/4 
 status=204, reason=No Content 
 headers={'Date': 'Fri, 14 Apr 2023 22:06:10 GMT', 'Content-Length': '0', 'Connection': 'keep-alive', 'X-Powered-By': 'Express', 'Access-Control-Allow-Origin': '*', 'Etag': 'W/"2-vyGp6PvFo4RvsFtPoIWeCReyIC8"', 'Via': '1.1 vegur', 'CF-Cache-Status': 'DYNAMIC', 'Report-To': '{"endpoints":[{"url":"https:\\/\\/a.nel.cloudflare.com\\/report\\/v3?s=nzX8ErP5IEKaTb9haVWmLYMUxPURtB9D6e3H%2ByTQ%2FphnjaZa6TSStPEc%2FdKdOObrByc5vLnfHAUnJsHUBqCe9Gp7XDhu2v%2BHRtjlUVwKsA1eFbV838VVCfz1YQ%3D%3D"}],"group":"cf-nel","max_age":604800}', 'NEL': '{"success_fraction":0,"report_to":"cf-nel","max_age":604800}', 'Server': 'cloudflare', 'CF-RAY': '7b7f4120da470112-GRU'} 
 body=None 
 </msg>
<msg timestamp="20230414 19:06:09.881" level="INFO">${response} = &lt;Response [204]&gt;</msg>
<status status="PASS" starttime="20230414 19:06:09.352" endtime="20230414 19:06:09.881"/>
</kw>
<msg timestamp="20230414 19:06:09.882" level="INFO">${response} = &lt;Response [204]&gt;</msg>
<status status="PASS" starttime="20230414 19:06:09.352" endtime="20230414 19:06:09.882"/>
</kw>
<kw name="Convert To String" library="BuiltIn">
<var>${status_code}</var>
<arg>${response.status_code}</arg>
<doc>Converts the given item to a Unicode string.</doc>
<msg timestamp="20230414 19:06:09.883" level="INFO">${status_code} = 204</msg>
<status status="PASS" starttime="20230414 19:06:09.883" endtime="20230414 19:06:09.884"/>
</kw>
<kw name="Should Be Equal" library="BuiltIn">
<arg>${status_code}</arg>
<arg>204</arg>
<doc>Fails if the given objects are unequal.</doc>
<status status="PASS" starttime="20230414 19:06:09.884" endtime="20230414 19:06:09.885"/>
</kw>
<kw name="Convert To String" library="BuiltIn">
<var>${response_body}</var>
<arg>${response.content}</arg>
<doc>Converts the given item to a Unicode string.</doc>
<msg timestamp="20230414 19:06:09.885" level="INFO">${response_body} = </msg>
<status status="PASS" starttime="20230414 19:06:09.885" endtime="20230414 19:06:09.885"/>
</kw>
<kw name="Should Be Empty" library="BuiltIn">
<arg>${response_body}</arg>
<doc>Verifies that the given item is empty.</doc>
<msg timestamp="20230414 19:06:09.886" level="INFO">Length is 0</msg>
<status status="PASS" starttime="20230414 19:06:09.886" endtime="20230414 19:06:09.886"/>
</kw>
<doc>This test delets an user by his ID</doc>
<status status="PASS" starttime="20230414 19:06:09.349" endtime="20230414 19:06:09.887"/>
</test>
<status status="PASS" starttime="20230414 19:06:09.261" endtime="20230414 19:06:09.887"/>
</suite>
<suite id="s1-s1-s2" name="getSuit" source="C:\Users\andee\Desktop\projetos\REQRES\Suits\getSuit.robot">
<test id="s1-s1-s2-t1" name="Getting User" line="10">
<kw name="Creating the session" library="resources">
<kw name="Create Session" library="RequestsLibrary">
<arg>session</arg>
<arg>${base_url}</arg>
<arg>verify=true</arg>
<doc>Create Session: create a HTTP session to a server</doc>
<msg timestamp="20230414 19:06:09.894" level="INFO">Creating Session using : alias=session, url=https://reqres.in/api, headers={},                     cookies={}, auth=None, timeout=None, proxies=None, verify=True,                     debug=0 </msg>
<status status="PASS" starttime="20230414 19:06:09.894" endtime="20230414 19:06:09.895"/>
</kw>
<status status="PASS" starttime="20230414 19:06:09.894" endtime="20230414 19:06:09.895"/>
</kw>
<kw name="Getting user by ID" library="resources">
<var>${response}</var>
<kw name="GET On Session" library="RequestsLibrary">
<var>${response}</var>
<arg>session</arg>
<arg>/users/${user_id}</arg>
<doc>Sends a GET request on a previously created HTTP Session.</doc>
<msg timestamp="20230414 19:06:09.976" level="INFO">GET Request : url=https://reqres.in/api/users/4 
 path_url=/api/users/4 
 headers={'User-Agent': 'python-requests/2.28.2', 'Accept-Encoding': 'gzip, deflate', 'Accept': '*/*', 'Connection': 'keep-alive'} 
 body=None 
 </msg>
<msg timestamp="20230414 19:06:09.976" level="INFO">GET Response : url=https://reqres.in/api/users/4 
 status=200, reason=OK 
 headers={'Date': 'Fri, 14 Apr 2023 22:06:10 GMT', 'Content-Type': 'application/json; charset=utf-8', 'Transfer-Encoding': 'chunked', 'Connection': 'keep-alive', 'X-Powered-By': 'Express', 'Access-Control-Allow-Origin': '*', 'Etag': 'W/"110-Xdg3LtI+q2zMxihHlfeIZQo/bvY"', 'Via': '1.1 vegur', 'Cache-Control': 'max-age=14400', 'CF-Cache-Status': 'HIT', 'Age': '643', 'Report-To': '{"endpoints":[{"url":"https:\\/\\/a.nel.cloudflare.com\\/report\\/v3?s=b6iOfc4p6yPNC8Y4pgZOpLHTqq8tEtNY7YzyUy%2FCcYlnjC39qGchv7I%2FO8JvWwYgUmxTBq1RL5z5khEWJpDykcZTHUMRtyGOQokPKfFH%2BBf5EZ1acXdSSUjt9w%3D%3D"}],"group":"cf-nel","max_age":604800}', 'NEL': '{"success_fraction":0,"report_to":"cf-nel","max_age":604800}', 'Vary': 'Accept-Encoding', 'Server': 'cloudflare', 'CF-RAY': '7b7f41243da400fd-GRU', 'Content-Encoding': 'gzip'} 
 body={"data":{"id":4,"email":"eve.holt@reqres.in","first_name":"Eve","last_name":"Holt","avatar":"https://reqres.in/img/faces/4-image.jpg"},"support":{"url":"https://reqres.in/#support-heading","text":"To keep ReqRes free, contributions towards server costs are appreciated!"}} 
 </msg>
<msg timestamp="20230414 19:06:09.977" level="INFO">${response} = &lt;Response [200]&gt;</msg>
<status status="PASS" starttime="20230414 19:06:09.896" endtime="20230414 19:06:09.977"/>
</kw>
<msg timestamp="20230414 19:06:09.977" level="INFO">${response} = &lt;Response [200]&gt;</msg>
<status status="PASS" starttime="20230414 19:06:09.895" endtime="20230414 19:06:09.977"/>
</kw>
<kw name="Convert To String" library="BuiltIn">
<var>${status_code}</var>
<arg>${response.status_code}</arg>
<doc>Converts the given item to a Unicode string.</doc>
<msg timestamp="20230414 19:06:09.979" level="INFO">${status_code} = 200</msg>
<status status="PASS" starttime="20230414 19:06:09.978" endtime="20230414 19:06:09.979"/>
</kw>
<kw name="Should Be Equal" library="BuiltIn">
<arg>${status_code}</arg>
<arg>200</arg>
<doc>Fails if the given objects are unequal.</doc>
<status status="PASS" starttime="20230414 19:06:09.979" endtime="20230414 19:06:09.979"/>
</kw>
<kw name="Convert To String" library="BuiltIn">
<var>${response_body}</var>
<arg>${response.content}</arg>
<doc>Converts the given item to a Unicode string.</doc>
<msg timestamp="20230414 19:06:09.980" level="INFO">${response_body} = {"data":{"id":4,"email":"eve.holt@reqres.in","first_name":"Eve","last_name":"Holt","avatar":"https://reqres.in/img/faces/4-image.jpg"},"support":{"url":"https://reqres.in/#support-heading","text":"To ...</msg>
<status status="PASS" starttime="20230414 19:06:09.980" endtime="20230414 19:06:09.980"/>
</kw>
<kw name="Should Contain" library="BuiltIn">
<arg>${response_body}</arg>
<arg>${user_id}</arg>
<doc>Fails if ``container`` does not contain ``item`` one or more times.</doc>
<status status="PASS" starttime="20230414 19:06:09.981" endtime="20230414 19:06:09.981"/>
</kw>
<kw name="Should Contain" library="BuiltIn">
<arg>${response_body}</arg>
<arg>eve.holt@reqres.in</arg>
<doc>Fails if ``container`` does not contain ``item`` one or more times.</doc>
<status status="PASS" starttime="20230414 19:06:09.981" endtime="20230414 19:06:09.982"/>
</kw>
<kw name="Should Contain" library="BuiltIn">
<arg>${response_body}</arg>
<arg>eve</arg>
<doc>Fails if ``container`` does not contain ``item`` one or more times.</doc>
<status status="PASS" starttime="20230414 19:06:09.982" endtime="20230414 19:06:09.982"/>
</kw>
<doc>This test get an user by his ID</doc>
<status status="PASS" starttime="20230414 19:06:09.893" endtime="20230414 19:06:09.982"/>
</test>
<status status="PASS" starttime="20230414 19:06:09.889" endtime="20230414 19:06:09.983"/>
</suite>
<suite id="s1-s1-s3" name="postSuit" source="C:\Users\andee\Desktop\projetos\REQRES\Suits\postSuit.robot">
<test id="s1-s1-s3-t1" name="Creating User Test" line="13">
<kw name="Create Session" library="RequestsLibrary">
<arg>session</arg>
<arg>https://reqres.in/api</arg>
<arg>verify=true</arg>
<doc>Create Session: create a HTTP session to a server</doc>
<msg timestamp="20230414 19:06:09.990" level="INFO">Creating Session using : alias=session, url=https://reqres.in/api, headers={},                     cookies={}, auth=None, timeout=None, proxies=None, verify=True,                     debug=0 </msg>
<status status="PASS" starttime="20230414 19:06:09.989" endtime="20230414 19:06:09.990"/>
</kw>
<kw name="Creating an user" library="resources">
<var>${response}</var>
<doc>Por alguma razão sempre que envio o header no endpoint /register recebo um 400 como retorno.
Com o Postman não é possível enviar a request sem header, mas no Robot isso funciona normalmente.</doc>
<kw name="Create Dictionary" library="BuiltIn">
<var>${header}</var>
<arg>Content-Type=application/json</arg>
<arg>Accept=application/json</arg>
<doc>Creates and returns a dictionary based on the given ``items``.</doc>
<msg timestamp="20230414 19:06:09.991" level="INFO">${header} = {'Content-Type': 'application/json', 'Accept': 'application/json'}</msg>
<status status="PASS" starttime="20230414 19:06:09.991" endtime="20230414 19:06:09.991"/>
</kw>
<kw name="Create Dictionary" library="BuiltIn">
<var>${body}</var>
<arg>email=${userMail}</arg>
<arg>password=${userPassword}</arg>
<doc>Creates and returns a dictionary based on the given ``items``.</doc>
<msg timestamp="20230414 19:06:09.992" level="INFO">${body} = {'email': 'eve.holt@reqres.in', 'password': '12345'}</msg>
<status status="PASS" starttime="20230414 19:06:09.991" endtime="20230414 19:06:09.992"/>
</kw>
<kw name="POST On Session" library="RequestsLibrary">
<var>${response}</var>
<arg>session</arg>
<arg>/register</arg>
<arg>data=${body}</arg>
<doc>Sends a POST request on a previously created HTTP Session.</doc>
<msg timestamp="20230414 19:06:10.477" level="INFO">POST Request : url=https://reqres.in/api/register 
 path_url=/api/register 
 headers={'User-Agent': 'python-requests/2.28.2', 'Accept-Encoding': 'gzip, deflate', 'Accept': '*/*', 'Connection': 'keep-alive', 'Content-Length': '41', 'Content-Type': 'application/x-www-form-urlencoded'} 
 body=email=eve.holt%40reqres.in&amp;password=12345 
 </msg>
<msg timestamp="20230414 19:06:10.477" level="INFO">POST Response : url=https://reqres.in/api/register 
 status=200, reason=OK 
 headers={'Date': 'Fri, 14 Apr 2023 22:06:11 GMT', 'Content-Type': 'application/json; charset=utf-8', 'Content-Length': '36', 'Connection': 'keep-alive', 'X-Powered-By': 'Express', 'Access-Control-Allow-Origin': '*', 'Etag': 'W/"24-4iP0za1geN2he+ohu8F0FhCjLks"', 'Via': '1.1 vegur', 'CF-Cache-Status': 'DYNAMIC', 'Report-To': '{"endpoints":[{"url":"https:\\/\\/a.nel.cloudflare.com\\/report\\/v3?s=BLfk0BTi3OsVqelpNt8DN30A8mo6vdSr1zkft9P86S939pj8l16ZTrMyFm%2FXED65lSP1QmVt8QVf1MN8fhdy%2BdWSjBP3Dohq840%2BO1OFZYRuNsntwTfwq2YB4w%3D%3D"}],"group":"cf-nel","max_age":604800}', 'NEL': '{"success_fraction":0,"report_to":"cf-nel","max_age":604800}', 'Server': 'cloudflare', 'CF-RAY': '7b7f4124dfdaa507-GRU'} 
 body={"id":4,"token":"QpwL5tke4Pnpja7X4"} 
 </msg>
<msg timestamp="20230414 19:06:10.477" level="INFO">${response} = &lt;Response [200]&gt;</msg>
<status status="PASS" starttime="20230414 19:06:09.992" endtime="20230414 19:06:10.477"/>
</kw>
<msg timestamp="20230414 19:06:10.478" level="INFO">${response} = &lt;Response [200]&gt;</msg>
<status status="PASS" starttime="20230414 19:06:09.991" endtime="20230414 19:06:10.478"/>
</kw>
<kw name="Convert To String" library="BuiltIn">
<var>${status_code}</var>
<arg>${response.status_code}</arg>
<doc>Converts the given item to a Unicode string.</doc>
<msg timestamp="20230414 19:06:10.479" level="INFO">${status_code} = 200</msg>
<status status="PASS" starttime="20230414 19:06:10.479" endtime="20230414 19:06:10.479"/>
</kw>
<kw name="Should Be Equal" library="BuiltIn">
<arg>${status_code}</arg>
<arg>200</arg>
<doc>Fails if the given objects are unequal.</doc>
<status status="PASS" starttime="20230414 19:06:10.480" endtime="20230414 19:06:10.480"/>
</kw>
<kw name="Convert To String" library="BuiltIn">
<var>${response_body}</var>
<arg>${response.content}</arg>
<doc>Converts the given item to a Unicode string.</doc>
<msg timestamp="20230414 19:06:10.481" level="INFO">${response_body} = {"id":4,"token":"QpwL5tke4Pnpja7X4"}</msg>
<status status="PASS" starttime="20230414 19:06:10.481" endtime="20230414 19:06:10.481"/>
</kw>
<kw name="Should Contain" library="BuiltIn">
<arg>${response_body}</arg>
<arg>4</arg>
<doc>Fails if ``container`` does not contain ``item`` one or more times.</doc>
<status status="PASS" starttime="20230414 19:06:10.482" endtime="20230414 19:06:10.482"/>
</kw>
<kw name="Should Contain" library="BuiltIn">
<arg>${response_body}</arg>
<arg>QpwL5tke4Pnpja7X4</arg>
<doc>Fails if ``container`` does not contain ``item`` one or more times.</doc>
<status status="PASS" starttime="20230414 19:06:10.482" endtime="20230414 19:06:10.482"/>
</kw>
<status status="PASS" starttime="20230414 19:06:09.989" endtime="20230414 19:06:10.483"/>
</test>
<status status="PASS" starttime="20230414 19:06:09.984" endtime="20230414 19:06:10.483"/>
</suite>
<suite id="s1-s1-s4" name="updateSuit" source="C:\Users\andee\Desktop\projetos\REQRES\Suits\updateSuit.robot">
<test id="s1-s1-s4-t1" name="Updating User" line="10">
<kw name="Creating the session" library="resources">
<kw name="Create Session" library="RequestsLibrary">
<arg>session</arg>
<arg>${base_url}</arg>
<arg>verify=true</arg>
<doc>Create Session: create a HTTP session to a server</doc>
<msg timestamp="20230414 19:06:10.491" level="INFO">Creating Session using : alias=session, url=https://reqres.in/api, headers={},                     cookies={}, auth=None, timeout=None, proxies=None, verify=True,                     debug=0 </msg>
<status status="PASS" starttime="20230414 19:06:10.490" endtime="20230414 19:06:10.491"/>
</kw>
<status status="PASS" starttime="20230414 19:06:10.490" endtime="20230414 19:06:10.491"/>
</kw>
<kw name="Updating user by ID" library="resources">
<var>${response}</var>
<kw name="Create Dictionary" library="BuiltIn">
<var>${header}</var>
<arg>Accept=application/json</arg>
<doc>Creates and returns a dictionary based on the given ``items``.</doc>
<msg timestamp="20230414 19:06:10.492" level="INFO">${header} = {'Accept': 'application/json'}</msg>
<status status="PASS" starttime="20230414 19:06:10.492" endtime="20230414 19:06:10.493"/>
</kw>
<kw name="Create Dictionary" library="BuiltIn">
<var>${body}</var>
<arg>email=${userMail}</arg>
<arg>password=${userNewPassword}</arg>
<doc>Creates and returns a dictionary based on the given ``items``.</doc>
<msg timestamp="20230414 19:06:10.494" level="INFO">${body} = {'email': 'eve.holt@reqres.in', 'password': '54321'}</msg>
<status status="PASS" starttime="20230414 19:06:10.493" endtime="20230414 19:06:10.494"/>
</kw>
<kw name="PUT On Session" library="RequestsLibrary">
<var>${response}</var>
<arg>session</arg>
<arg>/users/${user_id}</arg>
<arg>data=${body}</arg>
<arg>headers=${header}</arg>
<doc>Sends a PUT request on a previously created HTTP Session.</doc>
<msg timestamp="20230414 19:06:11.012" level="INFO">PUT Request : url=https://reqres.in/api/users/4 
 path_url=/api/users/4 
 headers={'User-Agent': 'python-requests/2.28.2', 'Accept-Encoding': 'gzip, deflate', 'Accept': 'application/json', 'Connection': 'keep-alive', 'Content-Length': '41', 'Content-Type': 'application/x-www-form-urlencoded'} 
 body=email=eve.holt%40reqres.in&amp;password=54321 
 </msg>
<msg timestamp="20230414 19:06:11.012" level="INFO">PUT Response : url=https://reqres.in/api/users/4 
 status=200, reason=OK 
 headers={'Date': 'Fri, 14 Apr 2023 22:06:11 GMT', 'Content-Type': 'application/json; charset=utf-8', 'Transfer-Encoding': 'chunked', 'Connection': 'keep-alive', 'X-Powered-By': 'Express', 'Access-Control-Allow-Origin': '*', 'Etag': 'W/"58-MC+vYOBSZQqPJyl0Kf/BjEYOmho"', 'Via': '1.1 vegur', 'CF-Cache-Status': 'DYNAMIC', 'Report-To': '{"endpoints":[{"url":"https:\\/\\/a.nel.cloudflare.com\\/report\\/v3?s=CcJDFw1EYLRSrr0FnBqvEns5VwtL0ZMTgFCQ%2BGPMbq1BZNXisdyNsOR2k5XA0CmL8rLTZ98XO3egRXBF1ntAEi0M%2FpOXn9vSbvt12sFIpTX%2F9mCILPw9UIR4Fw%3D%3D"}],"group":"cf-nel","max_age":604800}', 'NEL': '{"success_fraction":0,"report_to":"cf-nel","max_age":604800}', 'Vary': 'Accept-Encoding', 'Server': 'cloudflare', 'CF-RAY': '7b7f41283b95a5da-GRU', 'Content-Encoding': 'gzip'} 
 body={"email":"eve.holt@reqres.in","password":"54321","updatedAt":"2023-04-14T22:06:11.545Z"} 
 </msg>
<msg timestamp="20230414 19:06:11.013" level="INFO">${response} = &lt;Response [200]&gt;</msg>
<status status="PASS" starttime="20230414 19:06:10.494" endtime="20230414 19:06:11.013"/>
</kw>
<msg timestamp="20230414 19:06:11.013" level="INFO">${response} = &lt;Response [200]&gt;</msg>
<status status="PASS" starttime="20230414 19:06:10.492" endtime="20230414 19:06:11.014"/>
</kw>
<kw name="Convert To String" library="BuiltIn">
<var>${status_code}</var>
<arg>${response.status_code}</arg>
<doc>Converts the given item to a Unicode string.</doc>
<msg timestamp="20230414 19:06:11.015" level="INFO">${status_code} = 200</msg>
<status status="PASS" starttime="20230414 19:06:11.014" endtime="20230414 19:06:11.015"/>
</kw>
<kw name="Should Be Equal" library="BuiltIn">
<arg>${status_code}</arg>
<arg>200</arg>
<doc>Fails if the given objects are unequal.</doc>
<status status="PASS" starttime="20230414 19:06:11.015" endtime="20230414 19:06:11.016"/>
</kw>
<kw name="Convert To String" library="BuiltIn">
<var>${response_body}</var>
<arg>${response.content}</arg>
<doc>Converts the given item to a Unicode string.</doc>
<msg timestamp="20230414 19:06:11.016" level="INFO">${response_body} = {"email":"eve.holt@reqres.in","password":"54321","updatedAt":"2023-04-14T22:06:11.545Z"}</msg>
<status status="PASS" starttime="20230414 19:06:11.016" endtime="20230414 19:06:11.016"/>
</kw>
<kw name="Should Contain" library="BuiltIn">
<arg>${response_body}</arg>
<arg>date</arg>
<doc>Fails if ``container`` does not contain ``item`` one or more times.</doc>
<status status="PASS" starttime="20230414 19:06:11.017" endtime="20230414 19:06:11.017"/>
</kw>
<doc>This test udaptes an user by his ID</doc>
<status status="PASS" starttime="20230414 19:06:10.489" endtime="20230414 19:06:11.018"/>
</test>
<status status="PASS" starttime="20230414 19:06:10.485" endtime="20230414 19:06:11.018"/>
</suite>
<status status="PASS" starttime="20230414 19:06:09.259" endtime="20230414 19:06:11.020"/>
</suite>
<status status="PASS" starttime="20230414 19:06:09.238" endtime="20230414 19:06:11.021"/>
</suite>
<statistics>
<total>
<stat pass="4" fail="0" skip="0">All Tests</stat>
</total>
<tag>
</tag>
<suite>
<stat pass="4" fail="0" skip="0" id="s1" name="REQRES">REQRES</stat>
<stat pass="4" fail="0" skip="0" id="s1-s1" name="Suits">REQRES.Suits</stat>
<stat pass="1" fail="0" skip="0" id="s1-s1-s1" name="deleteSuit">REQRES.Suits.deleteSuit</stat>
<stat pass="1" fail="0" skip="0" id="s1-s1-s2" name="getSuit">REQRES.Suits.getSuit</stat>
<stat pass="1" fail="0" skip="0" id="s1-s1-s3" name="postSuit">REQRES.Suits.postSuit</stat>
<stat pass="1" fail="0" skip="0" id="s1-s1-s4" name="updateSuit">REQRES.Suits.updateSuit</stat>
</suite>
</statistics>
<errors>
</errors>
</robot>
